<?xml version="1.0" encoding="UTF-8"?>
<!-- Generated by org.testng.reporters.JUnitXMLReporter -->
<testsuite hostname="DESKTOP-1RV8L6R" ignored="0" name="Command line test" tests="2" failures="0" timestamp="2023-05-07T12:04:33 BST" time="11.822" errors="0">
  <testcase name="userShouldLoginSuccessfullyWithValidCredentials" time="0.835" classname="com.saucedemo.testsuite.LoginTest"/>
  <testcase name="verifyThatSixProductsAreDisplayedOnPage" time="0.404" classname="com.saucedemo.testsuite.LoginTest"/>
</testsuite> <!-- Command line test -->
