<?xml version="1.0" encoding="UTF-8"?>
<testng-results skipped="0" failed="0" ignored="0" total="2" passed="2">
  <reporter-output>
  </reporter-output>
  <suite name="Command line suite" duration-ms="11822" started-at="2023-05-07T12:04:21 BST" finished-at="2023-05-07T12:04:33 BST">
    <groups>
    </groups>
    <test name="Command line test" duration-ms="11822" started-at="2023-05-07T12:04:21 BST" finished-at="2023-05-07T12:04:33 BST">
      <class name="com.saucedemo.testsuite.LoginTest">
        <test-method status="PASS" signature="setUp()[pri:0, instance:com.saucedemo.testsuite.LoginTest@6f195bc3]" name="setUp" is-config="true" duration-ms="5369" started-at="2023-05-07T12:04:21 BST" finished-at="2023-05-07T12:04:27 BST">
          <reporter-output>
          </reporter-output>
        </test-method> <!-- setUp -->
        <test-method status="PASS" signature="userShouldLoginSuccessfullyWithValidCredentials()[pri:0, instance:com.saucedemo.testsuite.LoginTest@6f195bc3]" name="userShouldLoginSuccessfullyWithValidCredentials" duration-ms="835" started-at="2023-05-07T12:04:27 BST" finished-at="2023-05-07T12:04:27 BST">
          <reporter-output>
          </reporter-output>
        </test-method> <!-- userShouldLoginSuccessfullyWithValidCredentials -->
        <test-method status="PASS" signature="tearDown()[pri:0, instance:com.saucedemo.testsuite.LoginTest@6f195bc3]" name="tearDown" is-config="true" duration-ms="764" started-at="2023-05-07T12:04:27 BST" finished-at="2023-05-07T12:04:28 BST">
          <reporter-output>
          </reporter-output>
        </test-method> <!-- tearDown -->
        <test-method status="PASS" signature="setUp()[pri:0, instance:com.saucedemo.testsuite.LoginTest@6f195bc3]" name="setUp" is-config="true" duration-ms="3735" started-at="2023-05-07T12:04:28 BST" finished-at="2023-05-07T12:04:32 BST">
          <reporter-output>
          </reporter-output>
        </test-method> <!-- setUp -->
        <test-method status="PASS" signature="verifyThatSixProductsAreDisplayedOnPage()[pri:0, instance:com.saucedemo.testsuite.LoginTest@6f195bc3]" name="verifyThatSixProductsAreDisplayedOnPage" duration-ms="404" started-at="2023-05-07T12:04:32 BST" finished-at="2023-05-07T12:04:32 BST">
          <reporter-output>
          </reporter-output>
        </test-method> <!-- verifyThatSixProductsAreDisplayedOnPage -->
        <test-method status="PASS" signature="tearDown()[pri:0, instance:com.saucedemo.testsuite.LoginTest@6f195bc3]" name="tearDown" is-config="true" duration-ms="675" started-at="2023-05-07T12:04:32 BST" finished-at="2023-05-07T12:04:33 BST">
          <reporter-output>
          </reporter-output>
        </test-method> <!-- tearDown -->
      </class> <!-- com.saucedemo.testsuite.LoginTest -->
    </test> <!-- Command line test -->
  </suite> <!-- Command line suite -->
</testng-results>
